<?xml version="1.0" encoding="UTF-8"?>
<testsuite xmlns:xsi="http://www.w3.org/2001/XMLSchema-instance" xsi:noNamespaceSchemaLocation="https://maven.apache.org/surefire/maven-surefire-plugin/xsd/surefire-test-report-3.0.xsd" version="3.0" name="TestRunner.Run" time="24.982" tests="1" errors="0" skipped="0" failures="0">
  <properties>
[...]
</properties>
  <testcase name="Add New Customer" classname="Customers" time="24.004">
    <system-out><![CDATA[Setup-Sanity method executed..
[DEBUG] Resolution chrome=112 in cache (valid until 00:02:23 01/05/2023 IST)
[DEBUG] Resolution chrome112=112.0.5615.49 in cache (valid until 19:47:36 01/05/2023 IST)
[INFO] Using chromedriver 112.0.5615.49 (resolved driver for Chrome 112)
[DEBUG] Driver chromedriver 112.0.5615.49 found in cache
[INFO] Exporting webdriver.chrome.driver as C:\Users\acer\.cache\selenium\chromedriver\win32\112.0.5615.49\chromedriver.exe
[DEBUG] Using SLF4J as the default logging framework
[DEBUG] -Dio.netty.leakDetection.level: simple
[DEBUG] -Dio.netty.leakDetection.targetRecords: 4
[DEBUG] Loaded default ResourceLeakDetector: io.netty.util.ResourceLeakDetector@7718a40f
[DEBUG] -Dio.netty.noUnsafe: false
[DEBUG] Java version: 17
[DEBUG] sun.misc.Unsafe.theUnsafe: available
[DEBUG] sun.misc.Unsafe.copyMemory: available
[DEBUG] sun.misc.Unsafe.storeFence: available
[DEBUG] java.nio.Buffer.address: available
[DEBUG] direct buffer constructor: unavailable: Reflective setAccessible(true) disabled
[DEBUG] java.nio.Bits.unaligned: available, true
[DEBUG] jdk.internal.misc.Unsafe.allocateUninitializedArray(int): unavailable: class io.netty.util.internal.PlatformDependent0$7 cannot access class jdk.internal.misc.Unsafe (in module java.base) because module java.base does not export jdk.internal.misc to unnamed module @13deb50e
[DEBUG] java.nio.DirectByteBuffer.<init>(long, int): unavailable
[DEBUG] sun.misc.Unsafe: available
[DEBUG] maxDirectMemory: 2128609280 bytes (maybe)
[DEBUG] -Dio.netty.tmpdir: C:\Users\acer\AppData\Local\Temp (java.io.tmpdir)
[DEBUG] -Dio.netty.bitMode: 64 (sun.arch.data.model)
[DEBUG] Platform: Windows
[DEBUG] -Dio.netty.maxDirectMemory: -1 bytes
[DEBUG] -Dio.netty.uninitializedArrayAllocationThreshold: -1
[DEBUG] java.nio.ByteBuffer.cleaner(): available
[DEBUG] -Dio.netty.noPreferDirect: false
[DEBUG] org.jctools-core.MpscChunkedArrayQueue: available
[DEBUG] -Dio.netty.threadLocalMap.stringBuilder.initialSize: 1024
[DEBUG] -Dio.netty.threadLocalMap.stringBuilder.maxSize: 4096
[DEBUG] Default protocols (JDK): [TLSv1.3, TLSv1.2] 
[DEBUG] Default cipher suites (JDK): [TLS_ECDHE_ECDSA_WITH_AES_256_GCM_SHA384, TLS_ECDHE_ECDSA_WITH_AES_128_GCM_SHA256, TLS_ECDHE_RSA_WITH_AES_128_GCM_SHA256, TLS_ECDHE_RSA_WITH_AES_256_GCM_SHA384, TLS_ECDHE_RSA_WITH_AES_128_CBC_SHA, TLS_ECDHE_RSA_WITH_AES_256_CBC_SHA, TLS_RSA_WITH_AES_128_GCM_SHA256, TLS_RSA_WITH_AES_128_CBC_SHA, TLS_RSA_WITH_AES_256_CBC_SHA, TLS_AES_128_GCM_SHA256, TLS_AES_256_GCM_SHA384]
[DEBUG] -Dio.netty.eventLoopThreads: 8
[DEBUG] -Dio.netty.noKeySetOptimization: false
[DEBUG] -Dio.netty.selectorAutoRebuildThreshold: 512
[DEBUG] -Dio.netty.allocator.numHeapArenas: 8
[DEBUG] -Dio.netty.allocator.numDirectArenas: 8
[DEBUG] -Dio.netty.allocator.pageSize: 8192
[DEBUG] -Dio.netty.allocator.maxOrder: 9
[DEBUG] -Dio.netty.allocator.chunkSize: 4194304
[DEBUG] -Dio.netty.allocator.smallCacheSize: 256
[DEBUG] -Dio.netty.allocator.normalCacheSize: 64
[DEBUG] -Dio.netty.allocator.maxCachedBufferCapacity: 32768
[DEBUG] -Dio.netty.allocator.cacheTrimInterval: 8192
[DEBUG] -Dio.netty.allocator.cacheTrimIntervalMillis: 0
[DEBUG] -Dio.netty.allocator.useCacheForAllThreads: false
[DEBUG] -Dio.netty.allocator.maxCachedByteBuffersPerChunk: 1023
[DEBUG] -Dio.netty.allocator.type: pooled
[DEBUG] -Dio.netty.threadLocalDirectBufferSize: 0
[DEBUG] -Dio.netty.maxThreadLocalCharBufferSize: 16384
[DEBUG] -Dio.netty.processId: 5352 (auto-detected)
[DEBUG] -Djava.net.preferIPv4Stack: false
[DEBUG] -Djava.net.preferIPv6Addresses: false
[DEBUG] Loopback interface: lo (Software Loopback Interface 1, 127.0.0.1)
[DEBUG] Failed to get SOMAXCONN from sysctl and file \proc\sys\net\core\somaxconn. Default: 200
[DEBUG] -Dio.netty.machineId: 00:00:00:00:00:00:00:e0 (auto-detected)
[DEBUG] -Dio.netty.buffer.checkAccessible: true
[DEBUG] -Dio.netty.buffer.checkBounds: true
[DEBUG] Loaded default ResourceLeakDetector: io.netty.util.ResourceLeakDetector@4926008
[DEBUG] Using new Channel '[id: 0x0f7bcf2c, L:/127.0.0.1:52983 - R:localhost/127.0.0.1:59320]' for 'POST' to '/session'
[DEBUG] -Dio.netty.recycler.maxCapacityPerThread: 4096
[DEBUG] -Dio.netty.recycler.ratio: 8
[DEBUG] -Dio.netty.recycler.chunkSize: 32
[DEBUG] -Dio.netty.recycler.blocking: false
[DEBUG] brotli4j not in the classpath; Brotli support will be unavailable.
[DEBUG] 

Request DefaultHttpRequest(decodeResult: success, version: HTTP/1.1)
POST /session HTTP/1.1
User-Agent: selenium/4.2.1 (java windows)
Content-Length: 439
Content-Type: application/json; charset=utf-8
host: localhost:59320
accept: */*

Response DefaultHttpResponse(decodeResult: success, version: HTTP/1.1)
HTTP/1.1 200 OK
Content-Type: application/json; charset=utf-8
cache-control: no-cache
content-length: 857

[DEBUG] Adding key: http://localhost:59320 for channel [id: 0x0f7bcf2c, L:/127.0.0.1:52983 - R:localhost/127.0.0.1:59320]
[DEBUG] Using new Channel '[id: 0x2ffea239, L:/127.0.0.1:52991 - R:localhost/127.0.0.1:52984]' for 'GET' to '/json/version'
[DEBUG] 

Request DefaultFullHttpRequest(decodeResult: success, version: HTTP/1.1, content: EmptyByteBufBE)
GET /json/version HTTP/1.1
User-Agent: selenium/4.2.1 (java windows)
host: localhost:52984
accept: */*

Response DefaultHttpResponse(decodeResult: success, version: HTTP/1.1)
HTTP/1.1 200 OK
Content-Security-Policy: frame-ancestors 'none'
Content-Type: application/json; charset=UTF-8
content-length: 424

[DEBUG] Adding key: http://localhost:52984 for channel [id: 0x2ffea239, L:/127.0.0.1:52991 - R:localhost/127.0.0.1:52984]
[DEBUG] -Dio.netty.initialSeedUniquifier: 0xe92ed1700821fff8
[DEBUG] Using new Channel '[id: 0x7238226a, L:/127.0.0.1:52992 - R:localhost/127.0.0.1:52984]' for 'GET' to '/devtools/browser/a29c1647-53df-47e2-a1ab-189b2b1e34ca'
[DEBUG] 

Request DefaultFullHttpRequest(decodeResult: success, version: HTTP/1.1, content: EmptyByteBufBE)
GET /devtools/browser/a29c1647-53df-47e2-a1ab-189b2b1e34ca HTTP/1.1
upgrade: websocket
connection: upgrade
sec-websocket-key: jy0hFgpdjKtI/dQ6+5KtfQ==
sec-websocket-version: 13
origin: http://localhost:52984
host: localhost:52984
accept: */*
user-agent: AHC/2.1

Response DefaultHttpResponse(decodeResult: success, version: HTTP/1.1)
HTTP/1.1 101 WebSocket Protocol Handshake
Upgrade: WebSocket
Connection: Upgrade
Sec-WebSocket-Accept: aIbKKAu4o/yijaKvwIRXzE++rVc=

23:34:36.051 [main] FATAL StepDef - Setup1 executed...
[DEBUG] Using pooled Channel '[id: 0x0f7bcf2c, L:/127.0.0.1:52983 - R:localhost/127.0.0.1:59320]' for 'POST' to 'http://localhost:59320/session/c17d972008e8a59d5918800812a39b1e/url'
[DEBUG] Using open Channel [id: 0x0f7bcf2c, L:/127.0.0.1:52983 - R:localhost/127.0.0.1:59320] for POST '/session/c17d972008e8a59d5918800812a39b1e/url'
[DEBUG] Entry count for : http://localhost:52984 : 1
[DEBUG] Entry count for : http://localhost:52984 : 1
[DEBUG] 

Request DefaultHttpRequest(decodeResult: success, version: HTTP/1.1)
POST /session/c17d972008e8a59d5918800812a39b1e/url HTTP/1.1
User-Agent: selenium/4.2.1 (java windows)
Content-Length: 69
Content-Type: application/json; charset=utf-8
host: localhost:59320
accept: */*

Response DefaultHttpResponse(decodeResult: success, version: HTTP/1.1)
HTTP/1.1 200 OK
Content-Type: application/json; charset=utf-8
cache-control: no-cache
content-length: 14

[DEBUG] Adding key: http://localhost:59320 for channel [id: 0x0f7bcf2c, L:/127.0.0.1:52983 - R:localhost/127.0.0.1:59320]
[DEBUG] Using pooled Channel '[id: 0x0f7bcf2c, L:/127.0.0.1:52983 - R:localhost/127.0.0.1:59320]' for 'POST' to 'http://localhost:59320/session/c17d972008e8a59d5918800812a39b1e/element'
[DEBUG] Using open Channel [id: 0x0f7bcf2c, L:/127.0.0.1:52983 - R:localhost/127.0.0.1:59320] for POST '/session/c17d972008e8a59d5918800812a39b1e/element'
[DEBUG] 

Request DefaultHttpRequest(decodeResult: success, version: HTTP/1.1)
POST /session/c17d972008e8a59d5918800812a39b1e/element HTTP/1.1
User-Agent: selenium/4.2.1 (java windows)
Content-Length: 50
Content-Type: application/json; charset=utf-8
host: localhost:59320
accept: */*

Response DefaultHttpResponse(decodeResult: success, version: HTTP/1.1)
HTTP/1.1 200 OK
Content-Type: application/json; charset=utf-8
cache-control: no-cache
content-length: 88

[DEBUG] Adding key: http://localhost:59320 for channel [id: 0x0f7bcf2c, L:/127.0.0.1:52983 - R:localhost/127.0.0.1:59320]
[DEBUG] Using pooled Channel '[id: 0x0f7bcf2c, L:/127.0.0.1:52983 - R:localhost/127.0.0.1:59320]' for 'POST' to 'http://localhost:59320/session/c17d972008e8a59d5918800812a39b1e/element/c855e216-63b4-4fb7-ab06-1932e44c5d5e/clear'
[DEBUG] Using open Channel [id: 0x0f7bcf2c, L:/127.0.0.1:52983 - R:localhost/127.0.0.1:59320] for POST '/session/c17d972008e8a59d5918800812a39b1e/element/c855e216-63b4-4fb7-ab06-1932e44c5d5e/clear'
[DEBUG] 

Request DefaultHttpRequest(decodeResult: success, version: HTTP/1.1)
POST /session/c17d972008e8a59d5918800812a39b1e/element/c855e216-63b4-4fb7-ab06-1932e44c5d5e/clear HTTP/1.1
User-Agent: selenium/4.2.1 (java windows)
Content-Length: 50
Content-Type: application/json; charset=utf-8
host: localhost:59320
accept: */*

Response DefaultHttpResponse(decodeResult: success, version: HTTP/1.1)
HTTP/1.1 200 OK
Content-Type: application/json; charset=utf-8
cache-control: no-cache
content-length: 14

[DEBUG] Adding key: http://localhost:59320 for channel [id: 0x0f7bcf2c, L:/127.0.0.1:52983 - R:localhost/127.0.0.1:59320]
[DEBUG] Using pooled Channel '[id: 0x0f7bcf2c, L:/127.0.0.1:52983 - R:localhost/127.0.0.1:59320]' for 'POST' to 'http://localhost:59320/session/c17d972008e8a59d5918800812a39b1e/element'
[DEBUG] Using open Channel [id: 0x0f7bcf2c, L:/127.0.0.1:52983 - R:localhost/127.0.0.1:59320] for POST '/session/c17d972008e8a59d5918800812a39b1e/element'
[DEBUG] 

Request DefaultHttpRequest(decodeResult: success, version: HTTP/1.1)
POST /session/c17d972008e8a59d5918800812a39b1e/element HTTP/1.1
User-Agent: selenium/4.2.1 (java windows)
Content-Length: 50
Content-Type: application/json; charset=utf-8
host: localhost:59320
accept: */*

Response DefaultHttpResponse(decodeResult: success, version: HTTP/1.1)
HTTP/1.1 200 OK
Content-Type: application/json; charset=utf-8
cache-control: no-cache
content-length: 88

[DEBUG] Adding key: http://localhost:59320 for channel [id: 0x0f7bcf2c, L:/127.0.0.1:52983 - R:localhost/127.0.0.1:59320]
[DEBUG] Using pooled Channel '[id: 0x0f7bcf2c, L:/127.0.0.1:52983 - R:localhost/127.0.0.1:59320]' for 'POST' to 'http://localhost:59320/session/c17d972008e8a59d5918800812a39b1e/element/c855e216-63b4-4fb7-ab06-1932e44c5d5e/value'
[DEBUG] Using open Channel [id: 0x0f7bcf2c, L:/127.0.0.1:52983 - R:localhost/127.0.0.1:59320] for POST '/session/c17d972008e8a59d5918800812a39b1e/element/c855e216-63b4-4fb7-ab06-1932e44c5d5e/value'
[DEBUG] 

Request DefaultHttpRequest(decodeResult: success, version: HTTP/1.1)
POST /session/c17d972008e8a59d5918800812a39b1e/element/c855e216-63b4-4fb7-ab06-1932e44c5d5e/value HTTP/1.1
User-Agent: selenium/4.2.1 (java windows)
Content-Length: 271
Content-Type: application/json; charset=utf-8
host: localhost:59320
accept: */*

Response DefaultHttpResponse(decodeResult: success, version: HTTP/1.1)
HTTP/1.1 200 OK
Content-Type: application/json; charset=utf-8
cache-control: no-cache
content-length: 14

[DEBUG] Adding key: http://localhost:59320 for channel [id: 0x0f7bcf2c, L:/127.0.0.1:52983 - R:localhost/127.0.0.1:59320]
[DEBUG] Using pooled Channel '[id: 0x0f7bcf2c, L:/127.0.0.1:52983 - R:localhost/127.0.0.1:59320]' for 'POST' to 'http://localhost:59320/session/c17d972008e8a59d5918800812a39b1e/element'
[DEBUG] Using open Channel [id: 0x0f7bcf2c, L:/127.0.0.1:52983 - R:localhost/127.0.0.1:59320] for POST '/session/c17d972008e8a59d5918800812a39b1e/element'
[DEBUG] 

Request DefaultHttpRequest(decodeResult: success, version: HTTP/1.1)
POST /session/c17d972008e8a59d5918800812a39b1e/element HTTP/1.1
User-Agent: selenium/4.2.1 (java windows)
Content-Length: 53
Content-Type: application/json; charset=utf-8
host: localhost:59320
accept: */*

Response DefaultHttpResponse(decodeResult: success, version: HTTP/1.1)
HTTP/1.1 200 OK
Content-Type: application/json; charset=utf-8
cache-control: no-cache
content-length: 88

[DEBUG] Adding key: http://localhost:59320 for channel [id: 0x0f7bcf2c, L:/127.0.0.1:52983 - R:localhost/127.0.0.1:59320]
[DEBUG] Using pooled Channel '[id: 0x0f7bcf2c, L:/127.0.0.1:52983 - R:localhost/127.0.0.1:59320]' for 'POST' to 'http://localhost:59320/session/c17d972008e8a59d5918800812a39b1e/element/1c497050-2681-41b4-8728-5992b1641d2b/clear'
[DEBUG] Using open Channel [id: 0x0f7bcf2c, L:/127.0.0.1:52983 - R:localhost/127.0.0.1:59320] for POST '/session/c17d972008e8a59d5918800812a39b1e/element/1c497050-2681-41b4-8728-5992b1641d2b/clear'
[DEBUG] Entry count for : http://localhost:52984 : 1
[DEBUG] 

Request DefaultHttpRequest(decodeResult: success, version: HTTP/1.1)
POST /session/c17d972008e8a59d5918800812a39b1e/element/1c497050-2681-41b4-8728-5992b1641d2b/clear HTTP/1.1
User-Agent: selenium/4.2.1 (java windows)
Content-Length: 50
Content-Type: application/json; charset=utf-8
host: localhost:59320
accept: */*

Response DefaultHttpResponse(decodeResult: success, version: HTTP/1.1)
HTTP/1.1 200 OK
Content-Type: application/json; charset=utf-8
cache-control: no-cache
content-length: 14

[DEBUG] Adding key: http://localhost:59320 for channel [id: 0x0f7bcf2c, L:/127.0.0.1:52983 - R:localhost/127.0.0.1:59320]
[DEBUG] Using pooled Channel '[id: 0x0f7bcf2c, L:/127.0.0.1:52983 - R:localhost/127.0.0.1:59320]' for 'POST' to 'http://localhost:59320/session/c17d972008e8a59d5918800812a39b1e/element'
[DEBUG] Using open Channel [id: 0x0f7bcf2c, L:/127.0.0.1:52983 - R:localhost/127.0.0.1:59320] for POST '/session/c17d972008e8a59d5918800812a39b1e/element'
[DEBUG] 

Request DefaultHttpRequest(decodeResult: success, version: HTTP/1.1)
POST /session/c17d972008e8a59d5918800812a39b1e/element HTTP/1.1
User-Agent: selenium/4.2.1 (java windows)
Content-Length: 53
Content-Type: application/json; charset=utf-8
host: localhost:59320
accept: */*

Response DefaultHttpResponse(decodeResult: success, version: HTTP/1.1)
HTTP/1.1 200 OK
Content-Type: application/json; charset=utf-8
cache-control: no-cache
content-length: 88

[DEBUG] Adding key: http://localhost:59320 for channel [id: 0x0f7bcf2c, L:/127.0.0.1:52983 - R:localhost/127.0.0.1:59320]
[DEBUG] Using pooled Channel '[id: 0x0f7bcf2c, L:/127.0.0.1:52983 - R:localhost/127.0.0.1:59320]' for 'POST' to 'http://localhost:59320/session/c17d972008e8a59d5918800812a39b1e/element/1c497050-2681-41b4-8728-5992b1641d2b/value'
[DEBUG] Using open Channel [id: 0x0f7bcf2c, L:/127.0.0.1:52983 - R:localhost/127.0.0.1:59320] for POST '/session/c17d972008e8a59d5918800812a39b1e/element/1c497050-2681-41b4-8728-5992b1641d2b/value'
[DEBUG] 

Request DefaultHttpRequest(decodeResult: success, version: HTTP/1.1)
POST /session/c17d972008e8a59d5918800812a39b1e/element/1c497050-2681-41b4-8728-5992b1641d2b/value HTTP/1.1
User-Agent: selenium/4.2.1 (java windows)
Content-Length: 131
Content-Type: application/json; charset=utf-8
host: localhost:59320
accept: */*

Response DefaultHttpResponse(decodeResult: success, version: HTTP/1.1)
HTTP/1.1 200 OK
Content-Type: application/json; charset=utf-8
cache-control: no-cache
content-length: 14

[DEBUG] Adding key: http://localhost:59320 for channel [id: 0x0f7bcf2c, L:/127.0.0.1:52983 - R:localhost/127.0.0.1:59320]
[DEBUG] Using pooled Channel '[id: 0x0f7bcf2c, L:/127.0.0.1:52983 - R:localhost/127.0.0.1:59320]' for 'POST' to 'http://localhost:59320/session/c17d972008e8a59d5918800812a39b1e/element'
[DEBUG] Using open Channel [id: 0x0f7bcf2c, L:/127.0.0.1:52983 - R:localhost/127.0.0.1:59320] for POST '/session/c17d972008e8a59d5918800812a39b1e/element'
[DEBUG] 

Request DefaultHttpRequest(decodeResult: success, version: HTTP/1.1)
POST /session/c17d972008e8a59d5918800812a39b1e/element HTTP/1.1
User-Agent: selenium/4.2.1 (java windows)
Content-Length: 87
Content-Type: application/json; charset=utf-8
host: localhost:59320
accept: */*

Response DefaultHttpResponse(decodeResult: success, version: HTTP/1.1)
HTTP/1.1 200 OK
Content-Type: application/json; charset=utf-8
cache-control: no-cache
content-length: 88

[DEBUG] Adding key: http://localhost:59320 for channel [id: 0x0f7bcf2c, L:/127.0.0.1:52983 - R:localhost/127.0.0.1:59320]
[DEBUG] Using pooled Channel '[id: 0x0f7bcf2c, L:/127.0.0.1:52983 - R:localhost/127.0.0.1:59320]' for 'POST' to 'http://localhost:59320/session/c17d972008e8a59d5918800812a39b1e/element/5be0434c-4d4d-4d7e-8d80-c205d96858a7/click'
[DEBUG] Using open Channel [id: 0x0f7bcf2c, L:/127.0.0.1:52983 - R:localhost/127.0.0.1:59320] for POST '/session/c17d972008e8a59d5918800812a39b1e/element/5be0434c-4d4d-4d7e-8d80-c205d96858a7/click'
[DEBUG] Entry count for : http://localhost:52984 : 1
[DEBUG] Entry count for : http://localhost:52984 : 1
[DEBUG] Entry count for : http://localhost:52984 : 1
[DEBUG] Entry count for : http://localhost:52984 : 1
[DEBUG] 

Request DefaultHttpRequest(decodeResult: success, version: HTTP/1.1)
POST /session/c17d972008e8a59d5918800812a39b1e/element/5be0434c-4d4d-4d7e-8d80-c205d96858a7/click HTTP/1.1
User-Agent: selenium/4.2.1 (java windows)
Content-Length: 50
Content-Type: application/json; charset=utf-8
host: localhost:59320
accept: */*

Response DefaultHttpResponse(decodeResult: success, version: HTTP/1.1)
HTTP/1.1 200 OK
Content-Type: application/json; charset=utf-8
cache-control: no-cache
content-length: 14

[DEBUG] Adding key: http://localhost:59320 for channel [id: 0x0f7bcf2c, L:/127.0.0.1:52983 - R:localhost/127.0.0.1:59320]
[DEBUG] Using pooled Channel '[id: 0x0f7bcf2c, L:/127.0.0.1:52983 - R:localhost/127.0.0.1:59320]' for 'GET' to 'http://localhost:59320/session/c17d972008e8a59d5918800812a39b1e/title'
[DEBUG] Using open Channel [id: 0x0f7bcf2c, L:/127.0.0.1:52983 - R:localhost/127.0.0.1:59320] for GET '/session/c17d972008e8a59d5918800812a39b1e/title'
[DEBUG] 

Request DefaultFullHttpRequest(decodeResult: success, version: HTTP/1.1, content: EmptyByteBufBE)
GET /session/c17d972008e8a59d5918800812a39b1e/title HTTP/1.1
User-Agent: selenium/4.2.1 (java windows)
Cache-Control: no-cache
Content-Type: application/json; charset=utf-8
host: localhost:59320
accept: */*

Response DefaultHttpResponse(decodeResult: success, version: HTTP/1.1)
HTTP/1.1 200 OK
Content-Type: application/json; charset=utf-8
cache-control: no-cache
content-length: 50

[DEBUG] Adding key: http://localhost:59320 for channel [id: 0x0f7bcf2c, L:/127.0.0.1:52983 - R:localhost/127.0.0.1:59320]
[DEBUG] Using pooled Channel '[id: 0x0f7bcf2c, L:/127.0.0.1:52983 - R:localhost/127.0.0.1:59320]' for 'POST' to 'http://localhost:59320/session/c17d972008e8a59d5918800812a39b1e/element'
[DEBUG] Using open Channel [id: 0x0f7bcf2c, L:/127.0.0.1:52983 - R:localhost/127.0.0.1:59320] for POST '/session/c17d972008e8a59d5918800812a39b1e/element'
[DEBUG] 

Request DefaultHttpRequest(decodeResult: success, version: HTTP/1.1)
POST /session/c17d972008e8a59d5918800812a39b1e/element HTTP/1.1
User-Agent: selenium/4.2.1 (java windows)
Content-Length: 104
Content-Type: application/json; charset=utf-8
host: localhost:59320
accept: */*

Response DefaultHttpResponse(decodeResult: success, version: HTTP/1.1)
HTTP/1.1 200 OK
Content-Type: application/json; charset=utf-8
cache-control: no-cache
content-length: 88

[DEBUG] Adding key: http://localhost:59320 for channel [id: 0x0f7bcf2c, L:/127.0.0.1:52983 - R:localhost/127.0.0.1:59320]
[DEBUG] Using pooled Channel '[id: 0x0f7bcf2c, L:/127.0.0.1:52983 - R:localhost/127.0.0.1:59320]' for 'POST' to 'http://localhost:59320/session/c17d972008e8a59d5918800812a39b1e/element/b2ff133e-d403-4230-95fb-20fa6fa11df6/click'
[DEBUG] Using open Channel [id: 0x0f7bcf2c, L:/127.0.0.1:52983 - R:localhost/127.0.0.1:59320] for POST '/session/c17d972008e8a59d5918800812a39b1e/element/b2ff133e-d403-4230-95fb-20fa6fa11df6/click'
[DEBUG] 

Request DefaultHttpRequest(decodeResult: success, version: HTTP/1.1)
POST /session/c17d972008e8a59d5918800812a39b1e/element/b2ff133e-d403-4230-95fb-20fa6fa11df6/click HTTP/1.1
User-Agent: selenium/4.2.1 (java windows)
Content-Length: 50
Content-Type: application/json; charset=utf-8
host: localhost:59320
accept: */*

Response DefaultHttpResponse(decodeResult: success, version: HTTP/1.1)
HTTP/1.1 200 OK
Content-Type: application/json; charset=utf-8
cache-control: no-cache
content-length: 14

[DEBUG] Adding key: http://localhost:59320 for channel [id: 0x0f7bcf2c, L:/127.0.0.1:52983 - R:localhost/127.0.0.1:59320]
[DEBUG] Entry count for : http://localhost:59320 : 1
[DEBUG] Entry count for : http://localhost:52984 : 1
[DEBUG] Entry count for : http://localhost:59320 : 1
[DEBUG] Entry count for : http://localhost:52984 : 1
[DEBUG] Using pooled Channel '[id: 0x0f7bcf2c, L:/127.0.0.1:52983 - R:localhost/127.0.0.1:59320]' for 'POST' to 'http://localhost:59320/session/c17d972008e8a59d5918800812a39b1e/element'
[DEBUG] Using open Channel [id: 0x0f7bcf2c, L:/127.0.0.1:52983 - R:localhost/127.0.0.1:59320] for POST '/session/c17d972008e8a59d5918800812a39b1e/element'
[DEBUG] 

Request DefaultHttpRequest(decodeResult: success, version: HTTP/1.1)
POST /session/c17d972008e8a59d5918800812a39b1e/element HTTP/1.1
User-Agent: selenium/4.2.1 (java windows)
Content-Length: 138
Content-Type: application/json; charset=utf-8
host: localhost:59320
accept: */*

Response DefaultHttpResponse(decodeResult: success, version: HTTP/1.1)
HTTP/1.1 200 OK
Content-Type: application/json; charset=utf-8
cache-control: no-cache
content-length: 88

[DEBUG] Adding key: http://localhost:59320 for channel [id: 0x0f7bcf2c, L:/127.0.0.1:52983 - R:localhost/127.0.0.1:59320]
[DEBUG] Using pooled Channel '[id: 0x0f7bcf2c, L:/127.0.0.1:52983 - R:localhost/127.0.0.1:59320]' for 'POST' to 'http://localhost:59320/session/c17d972008e8a59d5918800812a39b1e/element/c735aca4-d5d3-4348-91be-5ae49a7c50ce/click'
[DEBUG] Using open Channel [id: 0x0f7bcf2c, L:/127.0.0.1:52983 - R:localhost/127.0.0.1:59320] for POST '/session/c17d972008e8a59d5918800812a39b1e/element/c735aca4-d5d3-4348-91be-5ae49a7c50ce/click'
[DEBUG] Entry count for : http://localhost:52984 : 1
[DEBUG] 

Request DefaultHttpRequest(decodeResult: success, version: HTTP/1.1)
POST /session/c17d972008e8a59d5918800812a39b1e/element/c735aca4-d5d3-4348-91be-5ae49a7c50ce/click HTTP/1.1
User-Agent: selenium/4.2.1 (java windows)
Content-Length: 50
Content-Type: application/json; charset=utf-8
host: localhost:59320
accept: */*

Response DefaultHttpResponse(decodeResult: success, version: HTTP/1.1)
HTTP/1.1 200 OK
Content-Type: application/json; charset=utf-8
cache-control: no-cache
content-length: 14

[DEBUG] Adding key: http://localhost:59320 for channel [id: 0x0f7bcf2c, L:/127.0.0.1:52983 - R:localhost/127.0.0.1:59320]
[DEBUG] Entry count for : http://localhost:59320 : 1
[DEBUG] Entry count for : http://localhost:52984 : 1
[DEBUG] Entry count for : http://localhost:59320 : 1
[DEBUG] Entry count for : http://localhost:52984 : 1
[DEBUG] Using pooled Channel '[id: 0x0f7bcf2c, L:/127.0.0.1:52983 - R:localhost/127.0.0.1:59320]' for 'POST' to 'http://localhost:59320/session/c17d972008e8a59d5918800812a39b1e/element'
[DEBUG] Using open Channel [id: 0x0f7bcf2c, L:/127.0.0.1:52983 - R:localhost/127.0.0.1:59320] for POST '/session/c17d972008e8a59d5918800812a39b1e/element'
[DEBUG] 

Request DefaultHttpRequest(decodeResult: success, version: HTTP/1.1)
POST /session/c17d972008e8a59d5918800812a39b1e/element HTTP/1.1
User-Agent: selenium/4.2.1 (java windows)
Content-Length: 76
Content-Type: application/json; charset=utf-8
host: localhost:59320
accept: */*

Response DefaultHttpResponse(decodeResult: success, version: HTTP/1.1)
HTTP/1.1 200 OK
Content-Type: application/json; charset=utf-8
cache-control: no-cache
content-length: 88

[DEBUG] Adding key: http://localhost:59320 for channel [id: 0x0f7bcf2c, L:/127.0.0.1:52983 - R:localhost/127.0.0.1:59320]
[DEBUG] Using pooled Channel '[id: 0x0f7bcf2c, L:/127.0.0.1:52983 - R:localhost/127.0.0.1:59320]' for 'POST' to 'http://localhost:59320/session/c17d972008e8a59d5918800812a39b1e/element/b0636f8e-bcb7-4759-a798-b86446170b37/click'
[DEBUG] Using open Channel [id: 0x0f7bcf2c, L:/127.0.0.1:52983 - R:localhost/127.0.0.1:59320] for POST '/session/c17d972008e8a59d5918800812a39b1e/element/b0636f8e-bcb7-4759-a798-b86446170b37/click'
[DEBUG] Entry count for : http://localhost:52984 : 1
[DEBUG] Entry count for : http://localhost:52984 : 1
[DEBUG] 

Request DefaultHttpRequest(decodeResult: success, version: HTTP/1.1)
POST /session/c17d972008e8a59d5918800812a39b1e/element/b0636f8e-bcb7-4759-a798-b86446170b37/click HTTP/1.1
User-Agent: selenium/4.2.1 (java windows)
Content-Length: 50
Content-Type: application/json; charset=utf-8
host: localhost:59320
accept: */*

Response DefaultHttpResponse(decodeResult: success, version: HTTP/1.1)
HTTP/1.1 200 OK
Content-Type: application/json; charset=utf-8
cache-control: no-cache
content-length: 14

[DEBUG] Adding key: http://localhost:59320 for channel [id: 0x0f7bcf2c, L:/127.0.0.1:52983 - R:localhost/127.0.0.1:59320]
[DEBUG] Using pooled Channel '[id: 0x0f7bcf2c, L:/127.0.0.1:52983 - R:localhost/127.0.0.1:59320]' for 'GET' to 'http://localhost:59320/session/c17d972008e8a59d5918800812a39b1e/title'
[DEBUG] Using open Channel [id: 0x0f7bcf2c, L:/127.0.0.1:52983 - R:localhost/127.0.0.1:59320] for GET '/session/c17d972008e8a59d5918800812a39b1e/title'
[DEBUG] 

Request DefaultFullHttpRequest(decodeResult: success, version: HTTP/1.1, content: EmptyByteBufBE)
GET /session/c17d972008e8a59d5918800812a39b1e/title HTTP/1.1
User-Agent: selenium/4.2.1 (java windows)
Cache-Control: no-cache
Content-Type: application/json; charset=utf-8
host: localhost:59320
accept: */*

Response DefaultHttpResponse(decodeResult: success, version: HTTP/1.1)
HTTP/1.1 200 OK
Content-Type: application/json; charset=utf-8
cache-control: no-cache
content-length: 59

[DEBUG] Adding key: http://localhost:59320 for channel [id: 0x0f7bcf2c, L:/127.0.0.1:52983 - R:localhost/127.0.0.1:59320]
[DEBUG] Using pooled Channel '[id: 0x0f7bcf2c, L:/127.0.0.1:52983 - R:localhost/127.0.0.1:59320]' for 'POST' to 'http://localhost:59320/session/c17d972008e8a59d5918800812a39b1e/element'
[DEBUG] Using open Channel [id: 0x0f7bcf2c, L:/127.0.0.1:52983 - R:localhost/127.0.0.1:59320] for POST '/session/c17d972008e8a59d5918800812a39b1e/element'
[DEBUG] 

Request DefaultHttpRequest(decodeResult: success, version: HTTP/1.1)
POST /session/c17d972008e8a59d5918800812a39b1e/element HTTP/1.1
User-Agent: selenium/4.2.1 (java windows)
Content-Length: 67
Content-Type: application/json; charset=utf-8
host: localhost:59320
accept: */*

Response DefaultHttpResponse(decodeResult: success, version: HTTP/1.1)
HTTP/1.1 200 OK
Content-Type: application/json; charset=utf-8
cache-control: no-cache
content-length: 88

[DEBUG] Adding key: http://localhost:59320 for channel [id: 0x0f7bcf2c, L:/127.0.0.1:52983 - R:localhost/127.0.0.1:59320]
[DEBUG] Using pooled Channel '[id: 0x0f7bcf2c, L:/127.0.0.1:52983 - R:localhost/127.0.0.1:59320]' for 'POST' to 'http://localhost:59320/session/c17d972008e8a59d5918800812a39b1e/element/6d748dca-3793-4629-a6b1-15fc3a895e10/value'
[DEBUG] Using open Channel [id: 0x0f7bcf2c, L:/127.0.0.1:52983 - R:localhost/127.0.0.1:59320] for POST '/session/c17d972008e8a59d5918800812a39b1e/element/6d748dca-3793-4629-a6b1-15fc3a895e10/value'
[DEBUG] 

Request DefaultHttpRequest(decodeResult: success, version: HTTP/1.1)
POST /session/c17d972008e8a59d5918800812a39b1e/element/6d748dca-3793-4629-a6b1-15fc3a895e10/value HTTP/1.1
User-Agent: selenium/4.2.1 (java windows)
Content-Length: 231
Content-Type: application/json; charset=utf-8
host: localhost:59320
accept: */*

Response DefaultHttpResponse(decodeResult: success, version: HTTP/1.1)
HTTP/1.1 200 OK
Content-Type: application/json; charset=utf-8
cache-control: no-cache
content-length: 14

[DEBUG] Adding key: http://localhost:59320 for channel [id: 0x0f7bcf2c, L:/127.0.0.1:52983 - R:localhost/127.0.0.1:59320]
[DEBUG] Using pooled Channel '[id: 0x0f7bcf2c, L:/127.0.0.1:52983 - R:localhost/127.0.0.1:59320]' for 'POST' to 'http://localhost:59320/session/c17d972008e8a59d5918800812a39b1e/element'
[DEBUG] Using open Channel [id: 0x0f7bcf2c, L:/127.0.0.1:52983 - R:localhost/127.0.0.1:59320] for POST '/session/c17d972008e8a59d5918800812a39b1e/element'
[DEBUG] 

Request DefaultHttpRequest(decodeResult: success, version: HTTP/1.1)
POST /session/c17d972008e8a59d5918800812a39b1e/element HTTP/1.1
User-Agent: selenium/4.2.1 (java windows)
Content-Length: 70
Content-Type: application/json; charset=utf-8
host: localhost:59320
accept: */*

Response DefaultHttpResponse(decodeResult: success, version: HTTP/1.1)
HTTP/1.1 200 OK
Content-Type: application/json; charset=utf-8
cache-control: no-cache
content-length: 88

[DEBUG] Adding key: http://localhost:59320 for channel [id: 0x0f7bcf2c, L:/127.0.0.1:52983 - R:localhost/127.0.0.1:59320]
[DEBUG] Using pooled Channel '[id: 0x0f7bcf2c, L:/127.0.0.1:52983 - R:localhost/127.0.0.1:59320]' for 'POST' to 'http://localhost:59320/session/c17d972008e8a59d5918800812a39b1e/element/c286cbc9-c233-49d2-8b6a-c65f8146daa7/value'
[DEBUG] Using open Channel [id: 0x0f7bcf2c, L:/127.0.0.1:52983 - R:localhost/127.0.0.1:59320] for POST '/session/c17d972008e8a59d5918800812a39b1e/element/c286cbc9-c233-49d2-8b6a-c65f8146daa7/value'
[DEBUG] Entry count for : http://localhost:52984 : 1
[DEBUG] 

Request DefaultHttpRequest(decodeResult: success, version: HTTP/1.1)
POST /session/c17d972008e8a59d5918800812a39b1e/element/c286cbc9-c233-49d2-8b6a-c65f8146daa7/value HTTP/1.1
User-Agent: selenium/4.2.1 (java windows)
Content-Length: 131
Content-Type: application/json; charset=utf-8
host: localhost:59320
accept: */*

Response DefaultHttpResponse(decodeResult: success, version: HTTP/1.1)
HTTP/1.1 200 OK
Content-Type: application/json; charset=utf-8
cache-control: no-cache
content-length: 14

[DEBUG] Adding key: http://localhost:59320 for channel [id: 0x0f7bcf2c, L:/127.0.0.1:52983 - R:localhost/127.0.0.1:59320]
[DEBUG] Using pooled Channel '[id: 0x0f7bcf2c, L:/127.0.0.1:52983 - R:localhost/127.0.0.1:59320]' for 'POST' to 'http://localhost:59320/session/c17d972008e8a59d5918800812a39b1e/element'
[DEBUG] Using open Channel [id: 0x0f7bcf2c, L:/127.0.0.1:52983 - R:localhost/127.0.0.1:59320] for POST '/session/c17d972008e8a59d5918800812a39b1e/element'
[DEBUG] 

Request DefaultHttpRequest(decodeResult: success, version: HTTP/1.1)
POST /session/c17d972008e8a59d5918800812a39b1e/element HTTP/1.1
User-Agent: selenium/4.2.1 (java windows)
Content-Length: 71
Content-Type: application/json; charset=utf-8
host: localhost:59320
accept: */*

Response DefaultHttpResponse(decodeResult: success, version: HTTP/1.1)
HTTP/1.1 200 OK
Content-Type: application/json; charset=utf-8
cache-control: no-cache
content-length: 88

[DEBUG] Adding key: http://localhost:59320 for channel [id: 0x0f7bcf2c, L:/127.0.0.1:52983 - R:localhost/127.0.0.1:59320]
[DEBUG] Using pooled Channel '[id: 0x0f7bcf2c, L:/127.0.0.1:52983 - R:localhost/127.0.0.1:59320]' for 'POST' to 'http://localhost:59320/session/c17d972008e8a59d5918800812a39b1e/element/07a27e37-c511-49f3-8530-3d37a01cd010/value'
[DEBUG] Using open Channel [id: 0x0f7bcf2c, L:/127.0.0.1:52983 - R:localhost/127.0.0.1:59320] for POST '/session/c17d972008e8a59d5918800812a39b1e/element/07a27e37-c511-49f3-8530-3d37a01cd010/value'
[DEBUG] 

Request DefaultHttpRequest(decodeResult: success, version: HTTP/1.1)
POST /session/c17d972008e8a59d5918800812a39b1e/element/07a27e37-c511-49f3-8530-3d37a01cd010/value HTTP/1.1
User-Agent: selenium/4.2.1 (java windows)
Content-Length: 131
Content-Type: application/json; charset=utf-8
host: localhost:59320
accept: */*

Response DefaultHttpResponse(decodeResult: success, version: HTTP/1.1)
HTTP/1.1 200 OK
Content-Type: application/json; charset=utf-8
cache-control: no-cache
content-length: 14

[DEBUG] Adding key: http://localhost:59320 for channel [id: 0x0f7bcf2c, L:/127.0.0.1:52983 - R:localhost/127.0.0.1:59320]
[DEBUG] Using pooled Channel '[id: 0x0f7bcf2c, L:/127.0.0.1:52983 - R:localhost/127.0.0.1:59320]' for 'POST' to 'http://localhost:59320/session/c17d972008e8a59d5918800812a39b1e/element'
[DEBUG] Using open Channel [id: 0x0f7bcf2c, L:/127.0.0.1:52983 - R:localhost/127.0.0.1:59320] for POST '/session/c17d972008e8a59d5918800812a39b1e/element'
[DEBUG] 

Request DefaultHttpRequest(decodeResult: success, version: HTTP/1.1)
POST /session/c17d972008e8a59d5918800812a39b1e/element HTTP/1.1
User-Agent: selenium/4.2.1 (java windows)
Content-Length: 70
Content-Type: application/json; charset=utf-8
host: localhost:59320
accept: */*

Response DefaultHttpResponse(decodeResult: success, version: HTTP/1.1)
HTTP/1.1 200 OK
Content-Type: application/json; charset=utf-8
cache-control: no-cache
content-length: 88

[DEBUG] Adding key: http://localhost:59320 for channel [id: 0x0f7bcf2c, L:/127.0.0.1:52983 - R:localhost/127.0.0.1:59320]
[DEBUG] Using pooled Channel '[id: 0x0f7bcf2c, L:/127.0.0.1:52983 - R:localhost/127.0.0.1:59320]' for 'POST' to 'http://localhost:59320/session/c17d972008e8a59d5918800812a39b1e/element/3eb81107-d0e2-454d-b6c5-cff342c7e877/value'
[DEBUG] Using open Channel [id: 0x0f7bcf2c, L:/127.0.0.1:52983 - R:localhost/127.0.0.1:59320] for POST '/session/c17d972008e8a59d5918800812a39b1e/element/3eb81107-d0e2-454d-b6c5-cff342c7e877/value'
[DEBUG] 

Request DefaultHttpRequest(decodeResult: success, version: HTTP/1.1)
POST /session/c17d972008e8a59d5918800812a39b1e/element/3eb81107-d0e2-454d-b6c5-cff342c7e877/value HTTP/1.1
User-Agent: selenium/4.2.1 (java windows)
Content-Length: 131
Content-Type: application/json; charset=utf-8
host: localhost:59320
accept: */*

Response DefaultHttpResponse(decodeResult: success, version: HTTP/1.1)
HTTP/1.1 200 OK
Content-Type: application/json; charset=utf-8
cache-control: no-cache
content-length: 14

[DEBUG] Adding key: http://localhost:59320 for channel [id: 0x0f7bcf2c, L:/127.0.0.1:52983 - R:localhost/127.0.0.1:59320]
[DEBUG] Using pooled Channel '[id: 0x0f7bcf2c, L:/127.0.0.1:52983 - R:localhost/127.0.0.1:59320]' for 'POST' to 'http://localhost:59320/session/c17d972008e8a59d5918800812a39b1e/element'
[DEBUG] Using open Channel [id: 0x0f7bcf2c, L:/127.0.0.1:52983 - R:localhost/127.0.0.1:59320] for POST '/session/c17d972008e8a59d5918800812a39b1e/element'
[DEBUG] 

Request DefaultHttpRequest(decodeResult: success, version: HTTP/1.1)
POST /session/c17d972008e8a59d5918800812a39b1e/element HTTP/1.1
User-Agent: selenium/4.2.1 (java windows)
Content-Length: 56
Content-Type: application/json; charset=utf-8
host: localhost:59320
accept: */*

Response DefaultHttpResponse(decodeResult: success, version: HTTP/1.1)
HTTP/1.1 200 OK
Content-Type: application/json; charset=utf-8
cache-control: no-cache
content-length: 88

[DEBUG] Adding key: http://localhost:59320 for channel [id: 0x0f7bcf2c, L:/127.0.0.1:52983 - R:localhost/127.0.0.1:59320]
[DEBUG] Using pooled Channel '[id: 0x0f7bcf2c, L:/127.0.0.1:52983 - R:localhost/127.0.0.1:59320]' for 'POST' to 'http://localhost:59320/session/c17d972008e8a59d5918800812a39b1e/element/58106fd0-2a51-41de-92a0-a8d55ef9986c/click'
[DEBUG] Using open Channel [id: 0x0f7bcf2c, L:/127.0.0.1:52983 - R:localhost/127.0.0.1:59320] for POST '/session/c17d972008e8a59d5918800812a39b1e/element/58106fd0-2a51-41de-92a0-a8d55ef9986c/click'
[DEBUG] 

Request DefaultHttpRequest(decodeResult: success, version: HTTP/1.1)
POST /session/c17d972008e8a59d5918800812a39b1e/element/58106fd0-2a51-41de-92a0-a8d55ef9986c/click HTTP/1.1
User-Agent: selenium/4.2.1 (java windows)
Content-Length: 50
Content-Type: application/json; charset=utf-8
host: localhost:59320
accept: */*

Response DefaultHttpResponse(decodeResult: success, version: HTTP/1.1)
HTTP/1.1 200 OK
Content-Type: application/json; charset=utf-8
cache-control: no-cache
content-length: 14

[DEBUG] Adding key: http://localhost:59320 for channel [id: 0x0f7bcf2c, L:/127.0.0.1:52983 - R:localhost/127.0.0.1:59320]
[DEBUG] Using pooled Channel '[id: 0x0f7bcf2c, L:/127.0.0.1:52983 - R:localhost/127.0.0.1:59320]' for 'POST' to 'http://localhost:59320/session/c17d972008e8a59d5918800812a39b1e/element'
[DEBUG] Using open Channel [id: 0x0f7bcf2c, L:/127.0.0.1:52983 - R:localhost/127.0.0.1:59320] for POST '/session/c17d972008e8a59d5918800812a39b1e/element'
[DEBUG] 

Request DefaultHttpRequest(decodeResult: success, version: HTTP/1.1)
POST /session/c17d972008e8a59d5918800812a39b1e/element HTTP/1.1
User-Agent: selenium/4.2.1 (java windows)
Content-Length: 73
Content-Type: application/json; charset=utf-8
host: localhost:59320
accept: */*

Response DefaultHttpResponse(decodeResult: success, version: HTTP/1.1)
HTTP/1.1 200 OK
Content-Type: application/json; charset=utf-8
cache-control: no-cache
content-length: 88

[DEBUG] Adding key: http://localhost:59320 for channel [id: 0x0f7bcf2c, L:/127.0.0.1:52983 - R:localhost/127.0.0.1:59320]
[DEBUG] Using pooled Channel '[id: 0x0f7bcf2c, L:/127.0.0.1:52983 - R:localhost/127.0.0.1:59320]' for 'POST' to 'http://localhost:59320/session/c17d972008e8a59d5918800812a39b1e/element/590716e5-e32b-449a-9321-80a671798ec9/value'
[DEBUG] Using open Channel [id: 0x0f7bcf2c, L:/127.0.0.1:52983 - R:localhost/127.0.0.1:59320] for POST '/session/c17d972008e8a59d5918800812a39b1e/element/590716e5-e32b-449a-9321-80a671798ec9/value'
[DEBUG] 

Request DefaultHttpRequest(decodeResult: success, version: HTTP/1.1)
POST /session/c17d972008e8a59d5918800812a39b1e/element/590716e5-e32b-449a-9321-80a671798ec9/value HTTP/1.1
User-Agent: selenium/4.2.1 (java windows)
Content-Length: 191
Content-Type: application/json; charset=utf-8
host: localhost:59320
accept: */*

Response DefaultHttpResponse(decodeResult: success, version: HTTP/1.1)
HTTP/1.1 200 OK
Content-Type: application/json; charset=utf-8
cache-control: no-cache
content-length: 14

[DEBUG] Adding key: http://localhost:59320 for channel [id: 0x0f7bcf2c, L:/127.0.0.1:52983 - R:localhost/127.0.0.1:59320]
[DEBUG] Using pooled Channel '[id: 0x0f7bcf2c, L:/127.0.0.1:52983 - R:localhost/127.0.0.1:59320]' for 'POST' to 'http://localhost:59320/session/c17d972008e8a59d5918800812a39b1e/element'
[DEBUG] Using open Channel [id: 0x0f7bcf2c, L:/127.0.0.1:52983 - R:localhost/127.0.0.1:59320] for POST '/session/c17d972008e8a59d5918800812a39b1e/element'
[DEBUG] 

Request DefaultHttpRequest(decodeResult: success, version: HTTP/1.1)
POST /session/c17d972008e8a59d5918800812a39b1e/element HTTP/1.1
User-Agent: selenium/4.2.1 (java windows)
Content-Length: 69
Content-Type: application/json; charset=utf-8
host: localhost:59320
accept: */*

Response DefaultHttpResponse(decodeResult: success, version: HTTP/1.1)
HTTP/1.1 200 OK
Content-Type: application/json; charset=utf-8
cache-control: no-cache
content-length: 88

[DEBUG] Adding key: http://localhost:59320 for channel [id: 0x0f7bcf2c, L:/127.0.0.1:52983 - R:localhost/127.0.0.1:59320]
[DEBUG] Using pooled Channel '[id: 0x0f7bcf2c, L:/127.0.0.1:52983 - R:localhost/127.0.0.1:59320]' for 'POST' to 'http://localhost:59320/session/c17d972008e8a59d5918800812a39b1e/element/4bda730f-58d9-4971-92fb-6d7e0a56fb3a/value'
[DEBUG] Using open Channel [id: 0x0f7bcf2c, L:/127.0.0.1:52983 - R:localhost/127.0.0.1:59320] for POST '/session/c17d972008e8a59d5918800812a39b1e/element/4bda730f-58d9-4971-92fb-6d7e0a56fb3a/value'
[DEBUG] 

Request DefaultHttpRequest(decodeResult: success, version: HTTP/1.1)
POST /session/c17d972008e8a59d5918800812a39b1e/element/4bda730f-58d9-4971-92fb-6d7e0a56fb3a/value HTTP/1.1
User-Agent: selenium/4.2.1 (java windows)
Content-Length: 131
Content-Type: application/json; charset=utf-8
host: localhost:59320
accept: */*

Response DefaultHttpResponse(decodeResult: success, version: HTTP/1.1)
HTTP/1.1 200 OK
Content-Type: application/json; charset=utf-8
cache-control: no-cache
content-length: 14

[DEBUG] Adding key: http://localhost:59320 for channel [id: 0x0f7bcf2c, L:/127.0.0.1:52983 - R:localhost/127.0.0.1:59320]
[DEBUG] Using pooled Channel '[id: 0x0f7bcf2c, L:/127.0.0.1:52983 - R:localhost/127.0.0.1:59320]' for 'POST' to 'http://localhost:59320/session/c17d972008e8a59d5918800812a39b1e/element'
[DEBUG] Using open Channel [id: 0x0f7bcf2c, L:/127.0.0.1:52983 - R:localhost/127.0.0.1:59320] for POST '/session/c17d972008e8a59d5918800812a39b1e/element'
[DEBUG] 

Request DefaultHttpRequest(decodeResult: success, version: HTTP/1.1)
POST /session/c17d972008e8a59d5918800812a39b1e/element HTTP/1.1
User-Agent: selenium/4.2.1 (java windows)
Content-Length: 77
Content-Type: application/json; charset=utf-8
host: localhost:59320
accept: */*

Response DefaultHttpResponse(decodeResult: success, version: HTTP/1.1)
HTTP/1.1 200 OK
Content-Type: application/json; charset=utf-8
cache-control: no-cache
content-length: 88

[DEBUG] Adding key: http://localhost:59320 for channel [id: 0x0f7bcf2c, L:/127.0.0.1:52983 - R:localhost/127.0.0.1:59320]
[DEBUG] Using pooled Channel '[id: 0x0f7bcf2c, L:/127.0.0.1:52983 - R:localhost/127.0.0.1:59320]' for 'POST' to 'http://localhost:59320/session/c17d972008e8a59d5918800812a39b1e/element/d57049b3-0440-4e47-90f3-db215ca1cefb/value'
[DEBUG] Using open Channel [id: 0x0f7bcf2c, L:/127.0.0.1:52983 - R:localhost/127.0.0.1:59320] for POST '/session/c17d972008e8a59d5918800812a39b1e/element/d57049b3-0440-4e47-90f3-db215ca1cefb/value'
[DEBUG] 

Request DefaultHttpRequest(decodeResult: success, version: HTTP/1.1)
POST /session/c17d972008e8a59d5918800812a39b1e/element/d57049b3-0440-4e47-90f3-db215ca1cefb/value HTTP/1.1
User-Agent: selenium/4.2.1 (java windows)
Content-Length: 211
Content-Type: application/json; charset=utf-8
host: localhost:59320
accept: */*

Response DefaultHttpResponse(decodeResult: success, version: HTTP/1.1)
HTTP/1.1 200 OK
Content-Type: application/json; charset=utf-8
cache-control: no-cache
content-length: 14

[DEBUG] Adding key: http://localhost:59320 for channel [id: 0x0f7bcf2c, L:/127.0.0.1:52983 - R:localhost/127.0.0.1:59320]
[DEBUG] Using pooled Channel '[id: 0x0f7bcf2c, L:/127.0.0.1:52983 - R:localhost/127.0.0.1:59320]' for 'POST' to 'http://localhost:59320/session/c17d972008e8a59d5918800812a39b1e/element'
[DEBUG] Using open Channel [id: 0x0f7bcf2c, L:/127.0.0.1:52983 - R:localhost/127.0.0.1:59320] for POST '/session/c17d972008e8a59d5918800812a39b1e/element'
[DEBUG] 

Request DefaultHttpRequest(decodeResult: success, version: HTTP/1.1)
POST /session/c17d972008e8a59d5918800812a39b1e/element HTTP/1.1
User-Agent: selenium/4.2.1 (java windows)
Content-Length: 66
Content-Type: application/json; charset=utf-8
host: localhost:59320
accept: */*

Response DefaultHttpResponse(decodeResult: success, version: HTTP/1.1)
HTTP/1.1 200 OK
Content-Type: application/json; charset=utf-8
cache-control: no-cache
content-length: 88

[DEBUG] Adding key: http://localhost:59320 for channel [id: 0x0f7bcf2c, L:/127.0.0.1:52983 - R:localhost/127.0.0.1:59320]
[DEBUG] Using pooled Channel '[id: 0x0f7bcf2c, L:/127.0.0.1:52983 - R:localhost/127.0.0.1:59320]' for 'GET' to 'http://localhost:59320/session/c17d972008e8a59d5918800812a39b1e/element/1d0c8ef8-4d49-4adb-816b-4609e2a2da49/name'
[DEBUG] Using open Channel [id: 0x0f7bcf2c, L:/127.0.0.1:52983 - R:localhost/127.0.0.1:59320] for GET '/session/c17d972008e8a59d5918800812a39b1e/element/1d0c8ef8-4d49-4adb-816b-4609e2a2da49/name'
[DEBUG] 

Request DefaultFullHttpRequest(decodeResult: success, version: HTTP/1.1, content: EmptyByteBufBE)
GET /session/c17d972008e8a59d5918800812a39b1e/element/1d0c8ef8-4d49-4adb-816b-4609e2a2da49/name HTTP/1.1
User-Agent: selenium/4.2.1 (java windows)
Cache-Control: no-cache
Content-Type: application/json; charset=utf-8
host: localhost:59320
accept: */*

Response DefaultHttpResponse(decodeResult: success, version: HTTP/1.1)
HTTP/1.1 200 OK
Content-Type: application/json; charset=utf-8
cache-control: no-cache
content-length: 18

[DEBUG] Adding key: http://localhost:59320 for channel [id: 0x0f7bcf2c, L:/127.0.0.1:52983 - R:localhost/127.0.0.1:59320]
[DEBUG] Using pooled Channel '[id: 0x0f7bcf2c, L:/127.0.0.1:52983 - R:localhost/127.0.0.1:59320]' for 'POST' to 'http://localhost:59320/session/c17d972008e8a59d5918800812a39b1e/element'
[DEBUG] Using open Channel [id: 0x0f7bcf2c, L:/127.0.0.1:52983 - R:localhost/127.0.0.1:59320] for POST '/session/c17d972008e8a59d5918800812a39b1e/element'
[DEBUG] 

Request DefaultHttpRequest(decodeResult: success, version: HTTP/1.1)
POST /session/c17d972008e8a59d5918800812a39b1e/element HTTP/1.1
User-Agent: selenium/4.2.1 (java windows)
Content-Length: 66
Content-Type: application/json; charset=utf-8
host: localhost:59320
accept: */*

Response DefaultHttpResponse(decodeResult: success, version: HTTP/1.1)
HTTP/1.1 200 OK
Content-Type: application/json; charset=utf-8
cache-control: no-cache
content-length: 88

[DEBUG] Adding key: http://localhost:59320 for channel [id: 0x0f7bcf2c, L:/127.0.0.1:52983 - R:localhost/127.0.0.1:59320]
[DEBUG] Using pooled Channel '[id: 0x0f7bcf2c, L:/127.0.0.1:52983 - R:localhost/127.0.0.1:59320]' for 'GET' to 'http://localhost:59320/session/c17d972008e8a59d5918800812a39b1e/element/1d0c8ef8-4d49-4adb-816b-4609e2a2da49/attribute/multiple'
[DEBUG] Using open Channel [id: 0x0f7bcf2c, L:/127.0.0.1:52983 - R:localhost/127.0.0.1:59320] for GET '/session/c17d972008e8a59d5918800812a39b1e/element/1d0c8ef8-4d49-4adb-816b-4609e2a2da49/attribute/multiple'
[DEBUG] 

Request DefaultFullHttpRequest(decodeResult: success, version: HTTP/1.1, content: EmptyByteBufBE)
GET /session/c17d972008e8a59d5918800812a39b1e/element/1d0c8ef8-4d49-4adb-816b-4609e2a2da49/attribute/multiple HTTP/1.1
User-Agent: selenium/4.2.1 (java windows)
Cache-Control: no-cache
Content-Type: application/json; charset=utf-8
host: localhost:59320
accept: */*

Response DefaultHttpResponse(decodeResult: success, version: HTTP/1.1)
HTTP/1.1 200 OK
Content-Type: application/json; charset=utf-8
cache-control: no-cache
content-length: 14

[DEBUG] Adding key: http://localhost:59320 for channel [id: 0x0f7bcf2c, L:/127.0.0.1:52983 - R:localhost/127.0.0.1:59320]
[DEBUG] Using pooled Channel '[id: 0x0f7bcf2c, L:/127.0.0.1:52983 - R:localhost/127.0.0.1:59320]' for 'POST' to 'http://localhost:59320/session/c17d972008e8a59d5918800812a39b1e/element'
[DEBUG] Using open Channel [id: 0x0f7bcf2c, L:/127.0.0.1:52983 - R:localhost/127.0.0.1:59320] for POST '/session/c17d972008e8a59d5918800812a39b1e/element'
[DEBUG] 

Request DefaultHttpRequest(decodeResult: success, version: HTTP/1.1)
POST /session/c17d972008e8a59d5918800812a39b1e/element HTTP/1.1
User-Agent: selenium/4.2.1 (java windows)
Content-Length: 66
Content-Type: application/json; charset=utf-8
host: localhost:59320
accept: */*

Response DefaultHttpResponse(decodeResult: success, version: HTTP/1.1)
HTTP/1.1 200 OK
Content-Type: application/json; charset=utf-8
cache-control: no-cache
content-length: 88

[DEBUG] Adding key: http://localhost:59320 for channel [id: 0x0f7bcf2c, L:/127.0.0.1:52983 - R:localhost/127.0.0.1:59320]
[DEBUG] Using pooled Channel '[id: 0x0f7bcf2c, L:/127.0.0.1:52983 - R:localhost/127.0.0.1:59320]' for 'POST' to 'http://localhost:59320/session/c17d972008e8a59d5918800812a39b1e/element/1d0c8ef8-4d49-4adb-816b-4609e2a2da49/elements'
[DEBUG] Using open Channel [id: 0x0f7bcf2c, L:/127.0.0.1:52983 - R:localhost/127.0.0.1:59320] for POST '/session/c17d972008e8a59d5918800812a39b1e/element/1d0c8ef8-4d49-4adb-816b-4609e2a2da49/elements'
[DEBUG] 

Request DefaultHttpRequest(decodeResult: success, version: HTTP/1.1)
POST /session/c17d972008e8a59d5918800812a39b1e/element/1d0c8ef8-4d49-4adb-816b-4609e2a2da49/elements HTTP/1.1
User-Agent: selenium/4.2.1 (java windows)
Content-Length: 139
Content-Type: application/json; charset=utf-8
host: localhost:59320
accept: */*

Response DefaultHttpResponse(decodeResult: success, version: HTTP/1.1)
HTTP/1.1 200 OK
Content-Type: application/json; charset=utf-8
cache-control: no-cache
content-length: 90

[DEBUG] Adding key: http://localhost:59320 for channel [id: 0x0f7bcf2c, L:/127.0.0.1:52983 - R:localhost/127.0.0.1:59320]
[DEBUG] Using pooled Channel '[id: 0x0f7bcf2c, L:/127.0.0.1:52983 - R:localhost/127.0.0.1:59320]' for 'GET' to 'http://localhost:59320/session/c17d972008e8a59d5918800812a39b1e/element/7c88d076-2085-4c33-b914-b40d4c015f7f/selected'
[DEBUG] Using open Channel [id: 0x0f7bcf2c, L:/127.0.0.1:52983 - R:localhost/127.0.0.1:59320] for GET '/session/c17d972008e8a59d5918800812a39b1e/element/7c88d076-2085-4c33-b914-b40d4c015f7f/selected'
[DEBUG] 

Request DefaultFullHttpRequest(decodeResult: success, version: HTTP/1.1, content: EmptyByteBufBE)
GET /session/c17d972008e8a59d5918800812a39b1e/element/7c88d076-2085-4c33-b914-b40d4c015f7f/selected HTTP/1.1
User-Agent: selenium/4.2.1 (java windows)
Cache-Control: no-cache
Content-Type: application/json; charset=utf-8
host: localhost:59320
accept: */*

Response DefaultHttpResponse(decodeResult: success, version: HTTP/1.1)
HTTP/1.1 200 OK
Content-Type: application/json; charset=utf-8
cache-control: no-cache
content-length: 15

[DEBUG] Adding key: http://localhost:59320 for channel [id: 0x0f7bcf2c, L:/127.0.0.1:52983 - R:localhost/127.0.0.1:59320]
[DEBUG] Using pooled Channel '[id: 0x0f7bcf2c, L:/127.0.0.1:52983 - R:localhost/127.0.0.1:59320]' for 'POST' to 'http://localhost:59320/session/c17d972008e8a59d5918800812a39b1e/element/7c88d076-2085-4c33-b914-b40d4c015f7f/click'
[DEBUG] Using open Channel [id: 0x0f7bcf2c, L:/127.0.0.1:52983 - R:localhost/127.0.0.1:59320] for POST '/session/c17d972008e8a59d5918800812a39b1e/element/7c88d076-2085-4c33-b914-b40d4c015f7f/click'
[DEBUG] 

Request DefaultHttpRequest(decodeResult: success, version: HTTP/1.1)
POST /session/c17d972008e8a59d5918800812a39b1e/element/7c88d076-2085-4c33-b914-b40d4c015f7f/click HTTP/1.1
User-Agent: selenium/4.2.1 (java windows)
Content-Length: 50
Content-Type: application/json; charset=utf-8
host: localhost:59320
accept: */*

Response DefaultHttpResponse(decodeResult: success, version: HTTP/1.1)
HTTP/1.1 200 OK
Content-Type: application/json; charset=utf-8
cache-control: no-cache
content-length: 14

[DEBUG] Adding key: http://localhost:59320 for channel [id: 0x0f7bcf2c, L:/127.0.0.1:52983 - R:localhost/127.0.0.1:59320]
[DEBUG] Using pooled Channel '[id: 0x0f7bcf2c, L:/127.0.0.1:52983 - R:localhost/127.0.0.1:59320]' for 'POST' to 'http://localhost:59320/session/c17d972008e8a59d5918800812a39b1e/element'
[DEBUG] Using open Channel [id: 0x0f7bcf2c, L:/127.0.0.1:52983 - R:localhost/127.0.0.1:59320] for POST '/session/c17d972008e8a59d5918800812a39b1e/element'
[DEBUG] 

Request DefaultHttpRequest(decodeResult: success, version: HTTP/1.1)
POST /session/c17d972008e8a59d5918800812a39b1e/element HTTP/1.1
User-Agent: selenium/4.2.1 (java windows)
Content-Length: 69
Content-Type: application/json; charset=utf-8
host: localhost:59320
accept: */*

Response DefaultHttpResponse(decodeResult: success, version: HTTP/1.1)
HTTP/1.1 200 OK
Content-Type: application/json; charset=utf-8
cache-control: no-cache
content-length: 88

[DEBUG] Adding key: http://localhost:59320 for channel [id: 0x0f7bcf2c, L:/127.0.0.1:52983 - R:localhost/127.0.0.1:59320]
[DEBUG] Using pooled Channel '[id: 0x0f7bcf2c, L:/127.0.0.1:52983 - R:localhost/127.0.0.1:59320]' for 'POST' to 'http://localhost:59320/session/c17d972008e8a59d5918800812a39b1e/element/1f9f5c5b-bc5c-4463-9caa-10ffb55f302b/click'
[DEBUG] Using open Channel [id: 0x0f7bcf2c, L:/127.0.0.1:52983 - R:localhost/127.0.0.1:59320] for POST '/session/c17d972008e8a59d5918800812a39b1e/element/1f9f5c5b-bc5c-4463-9caa-10ffb55f302b/click'
[DEBUG] Entry count for : http://localhost:52984 : 1
[DEBUG] Entry count for : http://localhost:52984 : 1
[DEBUG] 

Request DefaultHttpRequest(decodeResult: success, version: HTTP/1.1)
POST /session/c17d972008e8a59d5918800812a39b1e/element/1f9f5c5b-bc5c-4463-9caa-10ffb55f302b/click HTTP/1.1
User-Agent: selenium/4.2.1 (java windows)
Content-Length: 50
Content-Type: application/json; charset=utf-8
host: localhost:59320
accept: */*

Response DefaultHttpResponse(decodeResult: success, version: HTTP/1.1)
HTTP/1.1 200 OK
Content-Type: application/json; charset=utf-8
cache-control: no-cache
content-length: 14

[DEBUG] Adding key: http://localhost:59320 for channel [id: 0x0f7bcf2c, L:/127.0.0.1:52983 - R:localhost/127.0.0.1:59320]
[DEBUG] Using pooled Channel '[id: 0x0f7bcf2c, L:/127.0.0.1:52983 - R:localhost/127.0.0.1:59320]' for 'POST' to 'http://localhost:59320/session/c17d972008e8a59d5918800812a39b1e/element'
[DEBUG] Using open Channel [id: 0x0f7bcf2c, L:/127.0.0.1:52983 - R:localhost/127.0.0.1:59320] for POST '/session/c17d972008e8a59d5918800812a39b1e/element'
[DEBUG] 

Request DefaultHttpRequest(decodeResult: success, version: HTTP/1.1)
POST /session/c17d972008e8a59d5918800812a39b1e/element HTTP/1.1
User-Agent: selenium/4.2.1 (java windows)
Content-Length: 44
Content-Type: application/json; charset=utf-8
host: localhost:59320
accept: */*

Response DefaultHttpResponse(decodeResult: success, version: HTTP/1.1)
HTTP/1.1 200 OK
Content-Type: application/json; charset=utf-8
cache-control: no-cache
content-length: 88

[DEBUG] Adding key: http://localhost:59320 for channel [id: 0x0f7bcf2c, L:/127.0.0.1:52983 - R:localhost/127.0.0.1:59320]
[DEBUG] Using pooled Channel '[id: 0x0f7bcf2c, L:/127.0.0.1:52983 - R:localhost/127.0.0.1:59320]' for 'GET' to 'http://localhost:59320/session/c17d972008e8a59d5918800812a39b1e/element/3d86128f-65d8-478e-b9d8-a8334e1d27ca/text'
[DEBUG] Using open Channel [id: 0x0f7bcf2c, L:/127.0.0.1:52983 - R:localhost/127.0.0.1:59320] for GET '/session/c17d972008e8a59d5918800812a39b1e/element/3d86128f-65d8-478e-b9d8-a8334e1d27ca/text'
[DEBUG] 

Request DefaultFullHttpRequest(decodeResult: success, version: HTTP/1.1, content: EmptyByteBufBE)
GET /session/c17d972008e8a59d5918800812a39b1e/element/3d86128f-65d8-478e-b9d8-a8334e1d27ca/text HTTP/1.1
User-Agent: selenium/4.2.1 (java windows)
Cache-Control: no-cache
Content-Type: application/json; charset=utf-8
host: localhost:59320
accept: */*

Response DefaultHttpResponse(decodeResult: success, version: HTTP/1.1)
HTTP/1.1 200 OK
Content-Type: application/json; charset=utf-8
cache-control: no-cache
content-length: 884

[DEBUG] Adding key: http://localhost:59320 for channel [id: 0x0f7bcf2c, L:/127.0.0.1:52983 - R:localhost/127.0.0.1:59320]
[DEBUG] Using pooled Channel '[id: 0x0f7bcf2c, L:/127.0.0.1:52983 - R:localhost/127.0.0.1:59320]' for 'DELETE' to 'http://localhost:59320/session/c17d972008e8a59d5918800812a39b1e/window'
[DEBUG] Using open Channel [id: 0x0f7bcf2c, L:/127.0.0.1:52983 - R:localhost/127.0.0.1:59320] for DELETE '/session/c17d972008e8a59d5918800812a39b1e/window'
[DEBUG] Channel Closed: [id: 0x2ffea239, L:/127.0.0.1:52991 ! R:localhost/127.0.0.1:52984] with attribute DISCARD
[DEBUG] Channel Closed: [id: 0x7238226a, L:/127.0.0.1:52992 ! R:localhost/127.0.0.1:52984] with attribute NettyResponseFuture{currentRetry=0,
	isDone=1,
	isCancelled=0,
	asyncHandler=org.asynchttpclient.ws.WebSocketUpgradeHandler@2af7eed8,
	nettyRequest=org.asynchttpclient.netty.request.NettyRequest@68a3e5aa,
	future=java.util.concurrent.CompletableFuture@75457379[Completed normally],
	uri=ws://localhost:52984/devtools/browser/a29c1647-53df-47e2-a1ab-189b2b1e34ca,
	keepAlive=true,
	redirectCount=0,
	timeoutsHolder=null,
	inAuth=0,
	touch=1682877876020}
[DEBUG] Closing Channel [id: 0x7238226a, L:/127.0.0.1:52992 ! R:localhost/127.0.0.1:52984] 
[DEBUG] 

Request DefaultFullHttpRequest(decodeResult: success, version: HTTP/1.1, content: EmptyByteBufBE)
DELETE /session/c17d972008e8a59d5918800812a39b1e/window HTTP/1.1
User-Agent: selenium/4.2.1 (java windows)
Content-Type: application/json; charset=utf-8
host: localhost:59320
accept: */*

Response DefaultHttpResponse(decodeResult: success, version: HTTP/1.1)
HTTP/1.1 200 OK
Content-Type: application/json; charset=utf-8
cache-control: no-cache
content-length: 12

[DEBUG] Adding key: http://localhost:59320 for channel [id: 0x0f7bcf2c, L:/127.0.0.1:52983 - R:localhost/127.0.0.1:59320]
Tear Down method executed..
[DEBUG] Using pooled Channel '[id: 0x0f7bcf2c, L:/127.0.0.1:52983 - R:localhost/127.0.0.1:59320]' for 'DELETE' to 'http://localhost:59320/session/c17d972008e8a59d5918800812a39b1e'
[DEBUG] Using open Channel [id: 0x0f7bcf2c, L:/127.0.0.1:52983 - R:localhost/127.0.0.1:59320] for DELETE '/session/c17d972008e8a59d5918800812a39b1e'
[DEBUG] 

Request DefaultFullHttpRequest(decodeResult: success, version: HTTP/1.1, content: EmptyByteBufBE)
DELETE /session/c17d972008e8a59d5918800812a39b1e HTTP/1.1
User-Agent: selenium/4.2.1 (java windows)
Content-Type: application/json; charset=utf-8
host: localhost:59320
accept: */*

Response DefaultHttpResponse(decodeResult: success, version: HTTP/1.1)
HTTP/1.1 200 OK
Content-Type: application/json; charset=utf-8
cache-control: no-cache
content-length: 14

[DEBUG] Adding key: http://localhost:59320 for channel [id: 0x0f7bcf2c, L:/127.0.0.1:52983 - R:localhost/127.0.0.1:59320]
[DEBUG] Channel Closed: [id: 0x0f7bcf2c, L:/127.0.0.1:52983 ! R:localhost/127.0.0.1:59320] with attribute DISCARD
[DEBUG] Entry count for : http://localhost:59320 : 1
[DEBUG] Entry count for : http://localhost:52984 : 1
[DEBUG] Adding Candidate expired Channel [id: 0x0f7bcf2c, L:/127.0.0.1:52983 ! R:localhost/127.0.0.1:59320] isIdleTimeoutExpired=false isRemotelyClosed=true isTtlExpired=false
[DEBUG] Closing Idle Channel [id: 0x0f7bcf2c, L:/127.0.0.1:52983 ! R:localhost/127.0.0.1:59320]
[DEBUG] Adding Candidate expired Channel [id: 0x2ffea239, L:/127.0.0.1:52991 ! R:localhost/127.0.0.1:52984] isIdleTimeoutExpired=false isRemotelyClosed=true isTtlExpired=false
[DEBUG] Closing Idle Channel [id: 0x2ffea239, L:/127.0.0.1:52991 ! R:localhost/127.0.0.1:52984]
[DEBUG] Closed 2 connections out of 2 in 0 ms
]]></system-out>
    <system-err><![CDATA[Starting ChromeDriver 112.0.5615.49 (bd2a7bcb881c11e8cfe3078709382934e3916914-refs/branch-heads/5615@{#936}) on port 59320
Only local connections are allowed.
Please see https://chromedriver.chromium.org/security-considerations for suggestions on keeping ChromeDriver safe.
ChromeDriver was started successfully.
Apr 30, 2023 11:34:35 PM org.openqa.selenium.remote.ProtocolHandshake createSession
INFO: Detected upstream dialect: W3C
Apr 30, 2023 11:34:36 PM org.openqa.selenium.devtools.CdpVersionFinder findNearestMatch
WARNING: Unable to find an exact match for CDP version 112, so returning the closest version found: a no-op implementation
Apr 30, 2023 11:34:36 PM org.openqa.selenium.devtools.CdpVersionFinder findNearestMatch
INFO: Unable to find CDP implementation matching 112.
Apr 30, 2023 11:34:36 PM org.openqa.selenium.chromium.ChromiumDriver lambda$new$3
WARNING: Unable to find version of CDP to use for . You may need to include a dependency on a specific version of the CDP using something similar to `org.seleniumhq.selenium:selenium-devtools-v86:4.2.1` where the version ("v86") matches the version of the chromium-based browser you're using and the version number of the artifact is the same as Selenium's.
[1682877894.600][SEVERE]: Unable to receive message from renderer
]]></system-err>
  </testcase>
</testsuite>